00:00:00.610803 VirtualBox GUI VM Selector Window 6.1.2 r135662 linux.amd64 (Jan 14 2020 22:33:16) release log
00:00:00.610805 Log opened 2020-02-02T19:02:17.170538000Z
00:00:00.610806 Build Type: release
00:00:00.610808 OS Product: Linux
00:00:00.610809 OS Release: 5.4.15-arch1-1
00:00:00.610810 OS Version: #1 SMP PREEMPT Sun, 26 Jan 2020 09:48:50 +0000
00:00:00.610832 DMI Product Name: 20F90043MS
00:00:00.610839 DMI Product Version: ThinkPad T460s
00:00:00.610847 Firmware type: BIOS
00:00:00.610878 Host RAM: 7370MB (7.1GB) total, 7116MB (6.9GB) available
00:00:00.610881 Executable: /usr/lib/virtualbox/VirtualBox
00:00:00.610881 Process ID: 611
00:00:00.610882 Package type: LINUX_64BITS_GENERIC (OSE)
00:00:00.610909 Qt version: 5.14.1
00:00:00.667528 GUI: UIMediumEnumerator: Medium-enumeration started...
00:00:01.133111 GUI: UIDesktopWidgetWatchdog::sltHandleHostScreenAvailableGeometryCalculated: Screen 0 work area is actually resized to: 0x0 x 959x1053
00:00:01.140582 GUI: UIMediumEnumerator: Medium-enumeration finished!
00:00:02.845227 2D support test succeeded
00:00:18.577850 GUI: UIMediumEnumerator: Medium-enumeration finished!
00:00:58.390427 GUI: UIMediumEnumerator: Medium-enumeration finished!
00:00:58.437521 GUI: UIMediumEnumerator: Medium-enumeration finished!
00:15:22.737586 GUI: UIMediumEnumerator: Medium-enumeration finished!
