00:00:00.005639 main     VirtualBox XPCOM Server 6.1.2 r135662 linux.amd64 (Jan 14 2020 22:33:16) release log
00:00:00.005645 main     Log opened 2020-02-02T19:02:16.871601000Z
00:00:00.005647 main     Build Type: release
00:00:00.005653 main     OS Product: Linux
00:00:00.005656 main     OS Release: 5.4.15-arch1-1
00:00:00.005659 main     OS Version: #1 SMP PREEMPT Sun, 26 Jan 2020 09:48:50 +0000
00:00:00.005724 main     DMI Product Name: 20F90043MS
00:00:00.005751 main     DMI Product Version: ThinkPad T460s
00:00:00.005770 main     Firmware type: BIOS
00:00:00.005839 main     Host RAM: 7370MB (7.1GB) total, 7120MB (6.9GB) available
00:00:00.005846 main     Executable: /usr/lib/virtualbox/VBoxSVC
00:00:00.005848 main     Process ID: 636
00:00:00.005849 main     Package type: LINUX_64BITS_GENERIC (OSE)
00:00:00.009382 main     IPC socket path: /tmp/.vbox-ryzerth-ipc/ipcd
00:00:00.128707 nspr-2   VirtualBox: object creation starts
00:00:00.128846 nspr-2   Home directory: '/home/ryzerth/.config/VirtualBox'
00:00:00.130224 nspr-2   Loading settings file "/home/ryzerth/.config/VirtualBox/VirtualBox.xml" with version "1.12-linux"
00:00:00.142893 nspr-2   USB: Unknown USB device detected (idVendor: 0x138a, idProduct: 0x0090)
00:00:00.142956 nspr-2   USB: Unknown USB device detected (idVendor: 0x8087, idProduct: 0x0a2b)
00:00:00.143327 nspr-2   Successfully initialised host USB using sysfs
00:00:00.172861 nspr-2   HostDnsMonitor: initializing
00:00:00.173366 nspr-2   NAT: resolv.conf: nameserver 62.197.111.140
00:00:00.173394 nspr-2   NAT: resolv.conf: nameserver 109.88.203.3
00:00:00.173406 nspr-2   NAT: resolv.conf: nameserver 2a02:2788:fff0:7::3
00:00:00.173416 nspr-2   NAT: resolv.conf: too many nameserver lines, ignoring 2a02:2788:fff0:5::140
00:00:00.173441 nspr-2   HostDnsMonitor: updating information
00:00:00.173474 nspr-2   HostDnsMonitor: old information
00:00:00.173482 nspr-2     no server entries
00:00:00.173489 nspr-2     no domain set
00:00:00.173495 nspr-2     no search string entries
00:00:00.173502 nspr-2   HostDnsMonitor: new information
00:00:00.173509 nspr-2     server 1: 62.197.111.140
00:00:00.173517 nspr-2     server 2: 109.88.203.3
00:00:00.173523 nspr-2     server 3: 2a02:2788:fff0:7::3
00:00:00.173530 nspr-2     domain: voo.be
00:00:00.173537 nspr-2     search string 1: voo.be
00:00:00.191876 nspr-2   VD: VDInit finished with VINF_SUCCESS
00:00:00.207784 nspr-2   Loading settings file "/home/ryzerth/VirtualBox VMs/Windows 10/Windows 10.vbox" with version "1.15-linux"
00:00:00.213948 nspr-2   OCI: Local config file '/home/ryzerth/.config/VirtualBox/oci_config' does not exist
00:00:00.213989 nspr-2   OCI: Original config file '/home/ryzerth/.oci/config' does not exist
00:00:00.213998 nspr-2   OCI: Reading profiles finished with status NS_OK
00:00:00.214745 nspr-2   ExtPack: Created cloud provider 'OCI' (hrc=NS_OK)
00:00:00.214807 nspr-2   VirtualBox: object created
00:00:18.241012 nspr-3   Saving settings file "/home/ryzerth/VirtualBox VMs/Windows 10/Windows 10.vbox" with version "1.15-linux"
00:00:20.574297 nspr-2   Launched VM: 1879055808 pid: 686 (0x2ae) frontend: GUI/Qt name: Windows 10
00:00:20.977948 nspr-4   Load [/usr/lib/virtualbox/ExtensionPacks/Oracle_VM_VirtualBox_Extension_Pack/linux.amd64/VBoxHostWebcam.so] vrc=VINF_SUCCESS
00:00:21.169677 nspr-3   ERROR [COM]: aRC=VBOX_E_IPRT_ERROR (0x80bb0005) aIID={85632c68-b5bb-4316-a900-5eb28d3413df} aComponent={SessionMachine} aText={Saved screenshot data is not available (VERR_NOT_SUPPORTED)}, preserve=false aResultDetail=-37
00:00:58.115355 nspr-3   Saving settings file "/home/ryzerth/VirtualBox VMs/Windows 10/Windows 10.vbox" with version "1.15-linux"
00:03:10.824253 dns-monitor NAT: resolv.conf: nameserver 2a02:2788:fff0:7::3
00:03:10.824282 dns-monitor NAT: resolv.conf: nameserver 2a02:2788:fff0:5::140
00:03:10.824300 dns-monitor HostDnsMonitor: updating information
00:03:10.824329 dns-monitor HostDnsMonitor: old information
00:03:10.824334 dns-monitor   server 1: 62.197.111.140
00:03:10.824339 dns-monitor   server 2: 109.88.203.3
00:03:10.824343 dns-monitor   server 3: 2a02:2788:fff0:7::3
00:03:10.824358 dns-monitor   domain: voo.be
00:03:10.824361 dns-monitor   search string 1: voo.be
00:03:10.824365 dns-monitor HostDnsMonitor: new information
00:03:10.824368 dns-monitor   server 1: 2a02:2788:fff0:7::3
00:03:10.824373 dns-monitor   server 2: 2a02:2788:fff0:5::140
00:03:10.824378 dns-monitor   domain: voo.be
00:03:10.824383 dns-monitor   search string 1: voo.be
00:03:11.884005 dns-monitor NAT: resolv.conf: nameserver 62.197.111.140
00:03:11.884027 dns-monitor NAT: resolv.conf: nameserver 109.88.203.3
00:03:11.884034 dns-monitor NAT: resolv.conf: nameserver 2a02:2788:fff0:7::3
00:03:11.884040 dns-monitor NAT: resolv.conf: too many nameserver lines, ignoring 2a02:2788:fff0:5::140
00:03:11.884056 dns-monitor HostDnsMonitor: updating information
00:03:11.884060 dns-monitor HostDnsMonitor: old information
00:03:11.884064 dns-monitor   server 1: 2a02:2788:fff0:7::3
00:03:11.884068 dns-monitor   server 2: 2a02:2788:fff0:5::140
00:03:11.884072 dns-monitor   domain: voo.be
00:03:11.884077 dns-monitor   search string 1: voo.be
00:03:11.884082 dns-monitor HostDnsMonitor: new information
00:03:11.884087 dns-monitor   server 1: 62.197.111.140
00:03:11.884091 dns-monitor   server 2: 109.88.203.3
00:03:11.884096 dns-monitor   server 3: 2a02:2788:fff0:7::3
00:03:11.884101 dns-monitor   domain: voo.be
00:03:11.884106 dns-monitor   search string 1: voo.be
00:08:06.569289 USBPROXY USB: Unknown USB device detected (idVendor: 0x138a, idProduct: 0x0090)
00:08:06.569312 USBPROXY USBProxyBackendLinux: Device 138a:0090 (sysfs:/sys/devices/pci0000:00/0000:00:14.0/usb1/1-9//device:/dev/vboxusb/001/007) isn't accessible. giving udev a few seconds to fix this...
00:08:20.972510 USBPROXY USB: Unknown USB device detected (idVendor: 0x138a, idProduct: 0x0090)
00:08:20.972537 USBPROXY USBProxyBackendLinux: Device 138a:0090 (sysfs:/sys/devices/pci0000:00/0000:00:14.0/usb1/1-9//device:/dev/vboxusb/001/008) isn't accessible. giving udev a few seconds to fix this...
00:15:10.296557 nspr-4   Saving settings file "/home/ryzerth/VirtualBox VMs/Windows 10/Windows 10.vbox" with version "1.15-linux"
00:15:16.019328 nspr-4   NetIfAdpCtlOut: VBoxNetAdpCtl: Error while retrieving link speed for wwp0s20f0u2i12: VBoxNetAdpCtl: ioctl failed: Operation not supported
00:15:16.027087 nspr-3   NetIfAdpCtlOut: VBoxNetAdpCtl: Error while retrieving link speed for wwp0s20f0u2i12: VBoxNetAdpCtl: ioctl failed: Operation not supported
00:15:22.407029 nspr-5   Saving settings file "/home/ryzerth/VirtualBox VMs/Windows 10/Windows 10.vbox" with version "1.15-linux"
00:15:25.043100 nspr-5   Saving settings file "/home/ryzerth/.config/VirtualBox/VirtualBox.xml" with version "1.12-linux"
00:15:25.053494 nspr-3   Saving settings file "/home/ryzerth/.config/VirtualBox/VirtualBox.xml" with version "1.12-linux"
00:15:30.586832 main     VirtualBox: object deletion starts
00:15:30.586908 main     ERROR [COM]: aRC=VBOX_E_OBJECT_IN_USE (0x80bb000c) aIID={ad47ad09-787b-44ab-b343-a082a3f2dfb1} aComponent={MediumWrap} aText={Medium '/home/ryzerth/VirtualBox VMs/Windows 10/Windows 10.vdi' cannot be closed because it is still attached to 1 virtual machines}, preserve=false aResultDetail=0
00:15:30.587703 main     HostDnsMonitor: shutting down ...
00:15:30.588411 main     HostDnsMonitor: shut down
00:15:30.913613 Watcher  ERROR [COM]: aRC=E_ACCESSDENIED (0x80070005) aIID={d0a0163f-e254-4e5b-a1f2-011cf991c38d} aComponent={VirtualBoxWrap} aText={The object is not ready}, preserve=false aResultDetail=0
00:15:35.589207 main     {00007fd37401a710} HostPowerServiceLinux::~HostPowerServiceLinux: RTThreadWait() for 5000 ms failed with VERR_TIMEOUT
00:15:35.590202 main     VirtualBox: object deleted
